[debug] [2021-01-20T06:26:40.863Z] ----------------------------------------------------------------------
[debug] [2021-01-20T06:26:40.865Z] Command:       /usr/local/Cellar/node/15.1.0/bin/node /usr/local/bin/firebase deploy
[debug] [2021-01-20T06:26:40.865Z] CLI Version:   9.2.1
[debug] [2021-01-20T06:26:40.865Z] Platform:      darwin
[debug] [2021-01-20T06:26:40.865Z] Node Version:  v15.1.0
[debug] [2021-01-20T06:26:40.866Z] Time:          Wed Jan 20 2021 01:26:40 GMT-0500 (Ecuador Time)
[debug] [2021-01-20T06:26:40.866Z] ----------------------------------------------------------------------
[debug] [2021-01-20T06:26:40.866Z] 
[debug] [2021-01-20T06:26:40.872Z] > command requires scopes: ["email","openid","https://www.googleapis.com/auth/cloudplatformprojects.readonly","https://www.googleapis.com/auth/firebase","https://www.googleapis.com/auth/cloud-platform"]
[debug] [2021-01-20T06:26:40.873Z] > authorizing via signed-in user
[debug] [2021-01-20T06:26:40.873Z] [iam] checking project amst-grupo4-camas-uci for permissions ["cloudfunctions.functions.create","cloudfunctions.functions.delete","cloudfunctions.functions.get","cloudfunctions.functions.list","cloudfunctions.functions.update","cloudfunctions.operations.get","firebase.projects.get"]
[debug] [2021-01-20T06:26:40.875Z] > refreshing access token with scopes: ["email","https://www.googleapis.com/auth/cloud-platform","https://www.googleapis.com/auth/cloudplatformprojects.readonly","https://www.googleapis.com/auth/firebase","openid"]
[debug] [2021-01-20T06:26:40.875Z] >>> HTTP REQUEST POST https://www.googleapis.com/oauth2/v3/token  
 <request body omitted>
[debug] [2021-01-20T06:26:41.250Z] <<< HTTP RESPONSE 200 {"pragma":"no-cache","cache-control":"no-cache, no-store, max-age=0, must-revalidate","date":"Wed, 20 Jan 2021 06:26:41 GMT","expires":"Mon, 01 Jan 1990 00:00:00 GMT","content-type":"application/json; charset=utf-8","vary":"X-Origin, Referer, Origin,Accept-Encoding","server":"scaffolding on HTTPServer2","x-xss-protection":"0","x-frame-options":"SAMEORIGIN","x-content-type-options":"nosniff","alt-svc":"h3-29=\":443\"; ma=2592000,h3-T051=\":443\"; ma=2592000,h3-Q050=\":443\"; ma=2592000,h3-Q046=\":443\"; ma=2592000,h3-Q043=\":443\"; ma=2592000,quic=\":443\"; ma=2592000; v=\"46,43\"","accept-ranges":"none","transfer-encoding":"chunked"}
[debug] [2021-01-20T06:26:41.281Z] >>> HTTP REQUEST POST https://cloudresourcemanager.googleapis.com/v1/projects/amst-grupo4-camas-uci:testIamPermissions  
 {"permissions":["cloudfunctions.functions.create","cloudfunctions.functions.delete","cloudfunctions.functions.get","cloudfunctions.functions.list","cloudfunctions.functions.update","cloudfunctions.operations.get","firebase.projects.get"]}
[debug] [2021-01-20T06:26:42.143Z] <<< HTTP RESPONSE 200 {"content-type":"application/json; charset=UTF-8","vary":"X-Origin, Referer, Origin,Accept-Encoding","date":"Wed, 20 Jan 2021 06:26:42 GMT","server":"ESF","cache-control":"private","x-xss-protection":"0","x-frame-options":"SAMEORIGIN","x-content-type-options":"nosniff","server-timing":"gfet4t7; dur=411","alt-svc":"h3-29=\":443\"; ma=2592000,h3-T051=\":443\"; ma=2592000,h3-Q050=\":443\"; ma=2592000,h3-Q046=\":443\"; ma=2592000,h3-Q043=\":443\"; ma=2592000,quic=\":443\"; ma=2592000; v=\"46,43\"","accept-ranges":"none","transfer-encoding":"chunked"}
[debug] [2021-01-20T06:26:42.144Z] >>> HTTP REQUEST POST https://iam.googleapis.com/v1/projects/amst-grupo4-camas-uci/serviceAccounts/amst-grupo4-camas-uci@appspot.gserviceaccount.com:testIamPermissions  
 {"permissions":["iam.serviceAccounts.actAs"]}
[debug] [2021-01-20T06:26:42.818Z] <<< HTTP RESPONSE 404 {"vary":"X-Origin, Referer, Origin,Accept-Encoding","content-type":"application/json; charset=UTF-8","date":"Wed, 20 Jan 2021 06:26:42 GMT","server":"ESF","cache-control":"private","x-xss-protection":"0","x-frame-options":"SAMEORIGIN","x-content-type-options":"nosniff","alt-svc":"h3-29=\":443\"; ma=2592000,h3-T051=\":443\"; ma=2592000,h3-Q050=\":443\"; ma=2592000,h3-Q046=\":443\"; ma=2592000,h3-Q043=\":443\"; ma=2592000,quic=\":443\"; ma=2592000; v=\"46,43\"","accept-ranges":"none","transfer-encoding":"chunked"}
[debug] [2021-01-20T06:26:42.818Z] <<< HTTP RESPONSE BODY {"error":{"code":404,"message":"Not found; Gaia id not found for email amst-grupo4-camas-uci@appspot.gserviceaccount.com","status":"NOT_FOUND"}}
[debug] [2021-01-20T06:26:42.820Z] [functions] service account IAM check errored, deploy may fail: HTTP Error: 404, Not found; Gaia id not found for email amst-grupo4-camas-uci@appspot.gserviceaccount.com {"name":"FirebaseError","children":[],"context":{"body":{"error":{"code":404,"message":"Not found; Gaia id not found for email amst-grupo4-camas-uci@appspot.gserviceaccount.com","status":"NOT_FOUND"}},"response":{"statusCode":404,"body":{"error":{"code":404,"message":"Not found; Gaia id not found for email amst-grupo4-camas-uci@appspot.gserviceaccount.com","status":"NOT_FOUND"}},"headers":{"vary":"X-Origin, Referer, Origin,Accept-Encoding","content-type":"application/json; charset=UTF-8","date":"Wed, 20 Jan 2021 06:26:42 GMT","server":"ESF","cache-control":"private","x-xss-protection":"0","x-frame-options":"SAMEORIGIN","x-content-type-options":"nosniff","alt-svc":"h3-29=\":443\"; ma=2592000,h3-T051=\":443\"; ma=2592000,h3-Q050=\":443\"; ma=2592000,h3-Q046=\":443\"; ma=2592000,h3-Q043=\":443\"; ma=2592000,quic=\":443\"; ma=2592000; v=\"46,43\"","accept-ranges":"none","transfer-encoding":"chunked"},"request":{"uri":{"protocol":"https:","slashes":true,"auth":null,"host":"iam.googleapis.com","port":443,"hostname":"iam.googleapis.com","hash":null,"search":null,"query":null,"pathname":"/v1/projects/amst-grupo4-camas-uci/serviceAccounts/amst-grupo4-camas-uci@appspot.gserviceaccount.com:testIamPermissions","path":"/v1/projects/amst-grupo4-camas-uci/serviceAccounts/amst-grupo4-camas-uci@appspot.gserviceaccount.com:testIamPermissions","href":"https://iam.googleapis.com/v1/projects/amst-grupo4-camas-uci/serviceAccounts/amst-grupo4-camas-uci@appspot.gserviceaccount.com:testIamPermissions"},"method":"POST"}}},"exit":1,"message":"HTTP Error: 404, Not found; Gaia id not found for email amst-grupo4-camas-uci@appspot.gserviceaccount.com","status":404}
[info] 
[info] === Deploying to 'amst-grupo4-camas-uci'...
[info] 
[info] i  deploying functions 
[debug] [2021-01-20T06:26:43.789Z] > [functions] package.json contents: {
  "name": "functions",
  "description": "Cloud Functions for Firebase",
  "scripts": {
    "serve": "firebase emulators:start --only functions",
    "shell": "firebase functions:shell",
    "start": "npm run shell",
    "deploy": "firebase deploy --only functions",
    "logs": "firebase functions:log"
  },
  "engines": {
    "node": "12"
  },
  "main": "index.js",
  "dependencies": {
    "firebase-admin": "^9.2.0",
    "firebase-functions": "^3.11.0"
  },
  "devDependencies": {
    "firebase-functions-test": "^0.2.0"
  },
  "private": true
}
[info] i  functions: ensuring required API cloudfunctions.googleapis.com is enabled... 
[info] i  functions: ensuring required API cloudbuild.googleapis.com is enabled... 
[debug] [2021-01-20T06:26:44.163Z] >>> HTTP REQUEST GET https://serviceusage.googleapis.com/v1/projects/amst-grupo4-camas-uci/services/cloudfunctions.googleapis.com  
 
[debug] [2021-01-20T06:26:44.164Z] >>> HTTP REQUEST GET https://serviceusage.googleapis.com/v1/projects/amst-grupo4-camas-uci/services/runtimeconfig.googleapis.com  
 
[debug] [2021-01-20T06:26:44.164Z] >>> HTTP REQUEST GET https://serviceusage.googleapis.com/v1/projects/amst-grupo4-camas-uci/services/cloudbuild.googleapis.com  
 
[debug] [2021-01-20T06:26:45.152Z] <<< HTTP RESPONSE 200 {"content-type":"application/json; charset=UTF-8","vary":"X-Origin, Referer, Origin,Accept-Encoding","date":"Wed, 20 Jan 2021 06:26:45 GMT","server":"ESF","cache-control":"private","x-xss-protection":"0","x-frame-options":"SAMEORIGIN","x-content-type-options":"nosniff","alt-svc":"h3-29=\":443\"; ma=2592000,h3-T051=\":443\"; ma=2592000,h3-Q050=\":443\"; ma=2592000,h3-Q046=\":443\"; ma=2592000,h3-Q043=\":443\"; ma=2592000,quic=\":443\"; ma=2592000; v=\"46,43\"","accept-ranges":"none","transfer-encoding":"chunked"}
[debug] [2021-01-20T06:26:45.202Z] <<< HTTP RESPONSE 200 {"content-type":"application/json; charset=UTF-8","vary":"X-Origin, Referer, Origin,Accept-Encoding","date":"Wed, 20 Jan 2021 06:26:45 GMT","server":"ESF","cache-control":"private","x-xss-protection":"0","x-frame-options":"SAMEORIGIN","x-content-type-options":"nosniff","alt-svc":"h3-29=\":443\"; ma=2592000,h3-T051=\":443\"; ma=2592000,h3-Q050=\":443\"; ma=2592000,h3-Q046=\":443\"; ma=2592000,h3-Q043=\":443\"; ma=2592000,quic=\":443\"; ma=2592000; v=\"46,43\"","accept-ranges":"none","transfer-encoding":"chunked"}
[warn] ⚠  functions: missing required API cloudbuild.googleapis.com. Enabling now... 
[debug] [2021-01-20T06:26:45.204Z] >>> HTTP REQUEST POST https://serviceusage.googleapis.com/v1/projects/amst-grupo4-camas-uci/services/cloudbuild.googleapis.com:enable  
 
[debug] [2021-01-20T06:26:45.272Z] <<< HTTP RESPONSE 200 {"content-type":"application/json; charset=UTF-8","vary":"X-Origin, Referer, Origin,Accept-Encoding","date":"Wed, 20 Jan 2021 06:26:45 GMT","server":"ESF","cache-control":"private","x-xss-protection":"0","x-frame-options":"SAMEORIGIN","x-content-type-options":"nosniff","alt-svc":"h3-29=\":443\"; ma=2592000,h3-T051=\":443\"; ma=2592000,h3-Q050=\":443\"; ma=2592000,h3-Q046=\":443\"; ma=2592000,h3-Q043=\":443\"; ma=2592000,quic=\":443\"; ma=2592000; v=\"46,43\"","accept-ranges":"none","transfer-encoding":"chunked"}
[info] ✔  functions: required API cloudfunctions.googleapis.com is enabled 
